<?xml version="1.0" encoding="utf-8" ?>
<ShowPlanXML xmlns="http://schemas.microsoft.com/sqlserver/2004/07/showplan" Version="1.539" Build="15.0.4236.7">
	<BatchSequence>
		<Batch>
			<Statements>
				<StmtSimple StatementText="select 1 as t" StatementId="1" StatementCompId="1" StatementType="SELECT WITHOUT QUERY" RetrievedFromCache="false"></StmtSimple>
				<StmtSimple StatementText="&#xd;&#xa;&#xd;&#xa;insert into FullQuery(FullQuery)&#xd;&#xa;select &apos;select * from information_schema.tables&apos;" StatementId="2" StatementCompId="2" StatementType="INSERT" RetrievedFromCache="false" StatementSubTreeCost="0.0100024" StatementEstRows="1" SecurityPolicyApplied="false" StatementOptmLevel="TRIVIAL" QueryHash="0x90E578BB46A7728F" QueryPlanHash="0xE2B9BC708E7A52A6" CardinalityEstimationModelVersion="150" ParameterizedText="(@1 varchar(8000))INSERT INTO [FullQuery]([FullQuery]) SELECT @1">
					<StatementSetOptions QUOTED_IDENTIFIER="true" ARITHABORT="true" CONCAT_NULL_YIELDS_NULL="true" ANSI_NULLS="true" ANSI_PADDING="true" ANSI_WARNINGS="true" NUMERIC_ROUNDABORT="false"></StatementSetOptions>
					<QueryPlan NonParallelPlanReason="NoParallelPlansInDesktopOrExpressEdition" CachedPlanSize="24" CompileTime="0" CompileCPU="0" CompileMemory="120">
						<MemoryGrantInfo SerialRequiredMemory="0" SerialDesiredMemory="0" GrantedMemory="0" MaxUsedMemory="0"></MemoryGrantInfo>
						<OptimizerHardwareDependentProperties EstimatedAvailableMemoryGrant="200717" EstimatedPagesCached="100358" EstimatedAvailableDegreeOfParallelism="4" MaxCompileMemory="3133352"></OptimizerHardwareDependentProperties>
						<TraceFlags IsCompileTime="1">
							<TraceFlag Value="8017" Scope="Global"></TraceFlag>
						</TraceFlags>
						<RelOp NodeId="0" PhysicalOp="Clustered Index Insert" LogicalOp="Insert" EstimateRows="1" EstimateIO="0.01" EstimateCPU="1e-06" AvgRowSize="9" EstimatedTotalSubtreeCost="0.0100024" Parallel="0" EstimateRebinds="0" EstimateRewinds="0" EstimatedExecutionMode="Row">
							<OutputList></OutputList>
							<Update DMLRequestSort="0">
								<Object Database="[SQLQuery]" Schema="[dbo]" Table="[FullQuery]" Index="[PK__FullQuer__3214EC07D7E9ED62]" IndexKind="Clustered" Storage="RowStore"></Object>
								<SetPredicate>
									<ScalarOperator ScalarString="[SQLQuery].[dbo].[FullQuery].[FullQuery] = [Expr1003],[SQLQuery].[dbo].[FullQuery].[Id] = [Expr1002]">
										<ScalarExpressionList>
											<ScalarOperator>
												<MultipleAssign>
													<Assign>
														<ColumnReference Database="[SQLQuery]" Schema="[dbo]" Table="[FullQuery]" Column="FullQuery"></ColumnReference>
														<ScalarOperator>
															<Identifier>
																<ColumnReference Column="Expr1003"></ColumnReference>
															</Identifier>
														</ScalarOperator>
													</Assign>
													<Assign>
														<ColumnReference Database="[SQLQuery]" Schema="[dbo]" Table="[FullQuery]" Column="Id"></ColumnReference>
														<ScalarOperator>
															<Identifier>
																<ColumnReference Column="Expr1002"></ColumnReference>
															</Identifier>
														</ScalarOperator>
													</Assign>
												</MultipleAssign>
											</ScalarOperator>
										</ScalarExpressionList>
									</ScalarOperator>
								</SetPredicate>
								<RelOp NodeId="1" PhysicalOp="Compute Scalar" LogicalOp="Compute Scalar" EstimateRows="1" EstimateIO="0" EstimateCPU="1e-07" AvgRowSize="4039" EstimatedTotalSubtreeCost="1.357e-06" Parallel="0" EstimateRebinds="0" EstimateRewinds="0" EstimatedExecutionMode="Row">
									<OutputList>
										<ColumnReference Column="Expr1002"></ColumnReference>
										<ColumnReference Column="Expr1003"></ColumnReference>
									</OutputList>
									<ComputeScalar>
										<DefinedValues>
											<DefinedValue>
												<ColumnReference Column="Expr1003"></ColumnReference>
												<ScalarOperator ScalarString="CONVERT_IMPLICIT(varchar(max),[@1],0)">
													<Convert DataType="varchar(max)" Length="2147483647" Style="0" Implicit="1">
														<ScalarOperator>
															<Identifier>
																<ColumnReference Column="@1"></ColumnReference>
															</Identifier>
														</ScalarOperator>
													</Convert>
												</ScalarOperator>
											</DefinedValue>
										</DefinedValues>
										<RelOp NodeId="2" PhysicalOp="Compute Scalar" LogicalOp="Compute Scalar" EstimateRows="1" EstimateIO="0" EstimateCPU="1e-07" AvgRowSize="11" EstimatedTotalSubtreeCost="1.257e-06" Parallel="0" EstimateRebinds="0" EstimateRewinds="0" EstimatedExecutionMode="Row">
											<OutputList>
												<ColumnReference Column="Expr1002"></ColumnReference>
											</OutputList>
											<ComputeScalar ComputeSequence="1">
												<DefinedValues>
													<DefinedValue>
														<ColumnReference Column="Expr1002"></ColumnReference>
														<ScalarOperator ScalarString="getidentity((613577224),(8),NULL)">
															<Intrinsic FunctionName="getidentity">
																<ScalarOperator>
																	<Const ConstValue="(613577224)"></Const>
																</ScalarOperator>
																<ScalarOperator>
																	<Const ConstValue="(8)"></Const>
																</ScalarOperator>
																<ScalarOperator>
																	<Const ConstValue="NULL"></Const>
																</ScalarOperator>
															</Intrinsic>
														</ScalarOperator>
													</DefinedValue>
												</DefinedValues>
												<RelOp NodeId="3" PhysicalOp="Constant Scan" LogicalOp="Constant Scan" EstimateRows="1" EstimateIO="0" EstimateCPU="1.157e-06" AvgRowSize="9" EstimatedTotalSubtreeCost="1.157e-06" Parallel="0" EstimateRebinds="0" EstimateRewinds="0" EstimatedExecutionMode="Row">
													<OutputList></OutputList>
													<ConstantScan></ConstantScan>
												</RelOp>
											</ComputeScalar>
										</RelOp>
									</ComputeScalar>
								</RelOp>
							</Update>
						</RelOp>
						<ParameterList>
							<ColumnReference Column="@1" ParameterDataType="varchar(8000)" ParameterCompiledValue="&apos;select * from information_schema.tables&apos;"></ColumnReference>
						</ParameterList>
					</QueryPlan>
				</StmtSimple>
			</Statements>
		</Batch>
	</BatchSequence>
</ShowPlanXML>